<?xml version="1.0" encoding="UTF-8"?>
<!-- Generated by org.testng.reporters.JUnitXMLReporter -->
<testsuite hostname="win" ignored="0" name="APIAutomation Test" tests="5" failures="0" timestamp="2020-10-04T10:58:06 IST" time="3.885" errors="0">
  <testcase name="testGETMethodWithHeaders" time="1.36" classname="com.qa.tests.GETAPITest"/>
  <testcase name="testGETMethod" time="0.453" classname="com.qa.tests.GETAPITest"/>
  <testcase name="testPOSTMethod" time="1.025" classname="com.qa.tests.POSTAPITest"/>
  <testcase name="testPUTMethod" time="0.516" classname="com.qa.tests.PUTAPITest"/>
  <testcase name="testDELETEMethod" time="0.468" classname="com.qa.tests.DELETEAPITest"/>
</testsuite> <!-- APIAutomation Test -->
