<?xml version="1.0" encoding="UTF-8"?>
<!-- Generated by org.testng.reporters.JUnitXMLReporter -->
<testsuite hostname="win" ignored="0" name="APIAutomation Test" tests="4" failures="0" timestamp="2020-10-02T12:17:08 IST" time="17.252" errors="0">
  <testcase name="testGETMethod" time="11.175" classname="com.qa.tests.GETAPITest"/>
  <testcase name="testGETMethodWithHeaders" time="0.893" classname="com.qa.tests.GETAPITest"/>
  <testcase name="testPOSTMethod" time="2.184" classname="com.qa.tests.POSTAPITest"/>
  <testcase name="testPUTMethod" time="0.905" classname="com.qa.tests.PUTAPITest"/>
</testsuite> <!-- APIAutomation Test -->
