<?xml version="1.0" encoding="UTF-8"?>
<testng-results skipped="0" failed="0" ignored="0" total="5" passed="5">
  <reporter-output>
  </reporter-output>
  <suite name="APIAutomation" duration-ms="3885" started-at="2020-10-04T10:58:02 IST" finished-at="2020-10-04T10:58:06 IST">
    <groups>
    </groups>
    <test name="APIAutomation Test" duration-ms="3885" started-at="2020-10-04T10:58:02 IST" finished-at="2020-10-04T10:58:06 IST">
      <class name="com.qa.tests.DELETEAPITest">
        <test-method status="PASS" signature="setUp()[pri:0, instance:com.qa.tests.DELETEAPITest@7f13d6e]" name="setUp" is-config="true" duration-ms="16" started-at="2020-10-04T10:58:05 IST" finished-at="2020-10-04T10:58:05 IST">
          <reporter-output>
          </reporter-output>
        </test-method> <!-- setUp -->
        <test-method status="PASS" signature="testDELETEMethod()[pri:4, instance:com.qa.tests.DELETEAPITest@7f13d6e]" name="testDELETEMethod" duration-ms="468" started-at="2020-10-04T10:58:05 IST" finished-at="2020-10-04T10:58:06 IST">
          <reporter-output>
          </reporter-output>
        </test-method> <!-- testDELETEMethod -->
      </class> <!-- com.qa.tests.DELETEAPITest -->
      <class name="com.qa.tests.POSTAPITest">
        <test-method status="PASS" signature="testPOSTMethod()[pri:2, instance:com.qa.tests.POSTAPITest@d44fc21]" name="testPOSTMethod" duration-ms="1025" started-at="2020-10-04T10:58:04 IST" finished-at="2020-10-04T10:58:05 IST">
          <reporter-output>
          </reporter-output>
        </test-method> <!-- testPOSTMethod -->
        <test-method status="PASS" signature="setUp()[pri:0, instance:com.qa.tests.POSTAPITest@d44fc21]" name="setUp" is-config="true" duration-ms="0" started-at="2020-10-04T10:58:04 IST" finished-at="2020-10-04T10:58:04 IST">
          <reporter-output>
          </reporter-output>
        </test-method> <!-- setUp -->
      </class> <!-- com.qa.tests.POSTAPITest -->
      <class name="com.qa.tests.GETAPITest">
        <test-method status="PASS" signature="testGETMethodWithHeaders()[pri:0, instance:com.qa.tests.GETAPITest@51cdd8a]" name="testGETMethodWithHeaders" duration-ms="1360" started-at="2020-10-04T10:58:02 IST" finished-at="2020-10-04T10:58:03 IST">
          <reporter-output>
          </reporter-output>
        </test-method> <!-- testGETMethodWithHeaders -->
        <test-method status="PASS" signature="setUp()[pri:0, instance:com.qa.tests.GETAPITest@51cdd8a]" name="setUp" is-config="true" duration-ms="0" started-at="2020-10-04T10:58:02 IST" finished-at="2020-10-04T10:58:02 IST">
          <reporter-output>
          </reporter-output>
        </test-method> <!-- setUp -->
        <test-method status="PASS" signature="setUp()[pri:0, instance:com.qa.tests.GETAPITest@51cdd8a]" name="setUp" is-config="true" duration-ms="0" started-at="2020-10-04T10:58:03 IST" finished-at="2020-10-04T10:58:03 IST">
          <reporter-output>
          </reporter-output>
        </test-method> <!-- setUp -->
        <test-method status="PASS" signature="testGETMethod()[pri:1, instance:com.qa.tests.GETAPITest@51cdd8a]" name="testGETMethod" duration-ms="453" started-at="2020-10-04T10:58:03 IST" finished-at="2020-10-04T10:58:04 IST">
          <reporter-output>
          </reporter-output>
        </test-method> <!-- testGETMethod -->
      </class> <!-- com.qa.tests.GETAPITest -->
      <class name="com.qa.tests.PUTAPITest">
        <test-method status="PASS" signature="testPUTMethod()[pri:3, instance:com.qa.tests.PUTAPITest@23faf8f2]" name="testPUTMethod" duration-ms="516" started-at="2020-10-04T10:58:05 IST" finished-at="2020-10-04T10:58:05 IST">
          <reporter-output>
          </reporter-output>
        </test-method> <!-- testPUTMethod -->
        <test-method status="PASS" signature="setUp()[pri:0, instance:com.qa.tests.PUTAPITest@23faf8f2]" name="setUp" is-config="true" duration-ms="0" started-at="2020-10-04T10:58:05 IST" finished-at="2020-10-04T10:58:05 IST">
          <reporter-output>
          </reporter-output>
        </test-method> <!-- setUp -->
      </class> <!-- com.qa.tests.PUTAPITest -->
    </test> <!-- APIAutomation Test -->
  </suite> <!-- APIAutomation -->
</testng-results>
